TN:
SF:src/modules/appointments/services/CreateAppointmentService.ts
FN:59,__decorate
FN:59,__metadata
FN:59,__param
FN:59,__awaiter
FN:59,adopt
FN:59,fulfilled
FN:59,rejected
FN:59,step
FN:59,__generator
FN:59,sent
FN:59,g.<computed>
FN:59,verb
FN:59,step
FN:59,__importDefault
FN:17,CreateAppointmentService
FN:22,CreateAppointmentService.execute
FNF:16
FNH:14
FNDA:1,__decorate
FNDA:1,__metadata
FNDA:1,__param
FNDA:7,__awaiter
FNDA:4,adopt
FNDA:4,fulfilled
FNDA:0,rejected
FNDA:6,step
FNDA:7,__generator
FNDA:4,sent
FNDA:0,g.<computed>
FNDA:21,verb
FNDA:11,step
FNDA:1,__importDefault
FNDA:5,CreateAppointmentService
FNDA:7,CreateAppointmentService.execute
DA:1,1
DA:2,1
DA:3,1
DA:4,1
DA:5,1
DA:6,1
DA:7,1
DA:8,1
DA:9,1
DA:10,1
DA:11,1
DA:12,1
DA:13,1
DA:14,1
DA:15,1
DA:16,1
DA:17,1
DA:18,5
DA:19,5
DA:20,5
DA:21,1
DA:22,1
DA:23,7
DA:24,7
DA:25,7
DA:26,7
DA:27,7
DA:28,7
DA:29,7
DA:30,5
DA:31,5
DA:32,2
DA:33,7
DA:34,0
DA:35,0
DA:36,2
DA:37,7
DA:38,0
DA:39,0
DA:40,2
DA:41,2
DA:42,2
DA:43,2
DA:44,7
DA:45,7
DA:46,0
DA:47,0
DA:48,7
DA:49,7
DA:50,7
DA:51,7
DA:52,7
DA:53,7
DA:54,7
DA:55,7
DA:56,7
DA:57,1
DA:58,1
DA:59,1
LF:59
LH:53
BRDA:59,0,0,1
BRDA:59,1,0,1
BRDA:59,2,0,0
BRDA:59,3,0,0
BRDA:59,4,0,0
BRDA:59,5,0,0
BRDA:59,6,0,1
BRDA:59,7,0,1
BRDA:59,8,0,1
BRDA:59,9,0,7
BRDA:59,10,0,4
BRDA:59,11,0,0
BRDA:59,12,0,7
BRDA:59,13,0,4
BRDA:59,14,0,0
BRDA:59,15,0,6
BRDA:59,16,0,2
BRDA:59,17,0,4
BRDA:59,18,0,7
BRDA:59,19,0,4
BRDA:59,20,0,0
BRDA:59,21,0,21
BRDA:59,22,0,11
BRDA:59,23,0,11
BRDA:59,24,0,0
BRDA:59,25,0,22
BRDA:59,26,0,0
BRDA:59,27,0,0
BRDA:59,28,0,0
BRDA:59,29,0,0
BRDA:59,30,0,11
BRDA:59,31,0,11
BRDA:59,32,0,4
BRDA:59,33,0,0
BRDA:59,34,0,0
BRDA:59,35,0,7
BRDA:59,36,0,0
BRDA:59,37,0,2
BRDA:59,38,0,0
BRDA:59,39,0,0
BRDA:59,40,0,0
BRDA:59,41,0,0
BRDA:59,42,0,11
BRDA:59,43,0,6
BRDA:59,44,0,5
BRDA:59,45,0,11
BRDA:59,46,0,7
BRDA:59,47,0,5
BRDA:59,48,0,2
BRDA:59,49,0,0
BRDA:59,50,0,1
BRDA:59,51,0,0
BRDA:16,52,0,1
BRDA:17,53,0,5
BRDA:22,54,0,7
BRDA:59,55,0,7
BRDA:59,56,0,11
BRDA:59,57,0,7
BRDA:29,58,0,5
BRDA:31,59,0,2
BRDA:33,60,0,0
BRDA:35,61,0,2
BRDA:37,62,0,0
BRDA:39,63,0,2
BRDA:59,64,0,2
BRDA:45,65,0,0
BRDA:59,66,0,2
BRF:67
BRH:43
end_of_record
TN:
SF:src/modules/appointments/services/ListProviderAppointmentsService.ts
FN:34,__decorate
FN:34,__metadata
FN:34,__param
FN:34,__awaiter
FN:34,adopt
FN:34,fulfilled
FN:34,rejected
FN:34,step
FN:34,__generator
FN:34,sent
FN:34,g.<computed>
FN:34,verb
FN:34,step
FN:15,ListProviderAppointmentsService
FN:20,ListProviderAppointmentsService.execute
FNF:15
FNH:13
FNDA:1,__decorate
FNDA:1,__metadata
FNDA:1,__param
FNDA:1,__awaiter
FNDA:1,adopt
FNDA:1,fulfilled
FNDA:0,rejected
FNDA:2,step
FNDA:1,__generator
FNDA:1,sent
FNDA:0,g.<computed>
FNDA:3,verb
FNDA:2,step
FNDA:1,ListProviderAppointmentsService
FNDA:1,ListProviderAppointmentsService.execute
DA:1,1
DA:2,1
DA:3,1
DA:4,1
DA:5,1
DA:6,1
DA:7,1
DA:8,1
DA:9,1
DA:10,1
DA:11,1
DA:12,1
DA:13,1
DA:14,1
DA:15,1
DA:16,1
DA:17,1
DA:18,1
DA:19,1
DA:20,1
DA:21,1
DA:22,1
DA:23,1
DA:24,1
DA:25,1
DA:26,1
DA:27,1
DA:28,1
DA:29,1
DA:30,1
DA:31,1
DA:32,1
DA:33,1
DA:34,1
LF:34
LH:34
BRDA:34,0,0,1
BRDA:34,1,0,1
BRDA:34,2,0,0
BRDA:34,3,0,0
BRDA:34,4,0,0
BRDA:34,5,0,0
BRDA:34,6,0,1
BRDA:34,7,0,1
BRDA:34,8,0,1
BRDA:34,9,0,1
BRDA:34,10,0,1
BRDA:34,11,0,0
BRDA:34,12,0,1
BRDA:34,13,0,1
BRDA:34,14,0,0
BRDA:34,15,0,2
BRDA:34,16,0,1
BRDA:34,17,0,1
BRDA:34,18,0,1
BRDA:34,19,0,1
BRDA:34,20,0,0
BRDA:34,21,0,3
BRDA:34,22,0,2
BRDA:34,23,0,2
BRDA:34,24,0,0
BRDA:34,25,0,4
BRDA:34,26,0,0
BRDA:34,27,0,0
BRDA:34,28,0,0
BRDA:34,29,0,0
BRDA:34,30,0,2
BRDA:34,31,0,2
BRDA:34,32,0,1
BRDA:34,33,0,0
BRDA:34,34,0,0
BRDA:34,35,0,1
BRDA:34,36,0,0
BRDA:34,37,0,0
BRDA:34,38,0,0
BRDA:34,39,0,0
BRDA:34,40,0,0
BRDA:34,41,0,2
BRDA:34,42,0,0
BRDA:34,43,0,2
BRDA:34,44,0,1
BRDA:34,45,0,0
BRDA:34,46,0,1
BRDA:34,47,0,0
BRDA:14,48,0,1
BRDA:15,49,0,1
BRDA:20,50,0,1
BRDA:34,51,0,1
BRDA:34,52,0,2
BRDA:26,53,0,1
BRDA:34,54,0,1
BRF:55
BRH:33
end_of_record
TN:
SF:src/modules/appointments/services/ListProviderDayAvailabilityService.ts
FN:65,__decorate
FN:65,__metadata
FN:65,__param
FN:65,__awaiter
FN:65,adopt
FN:65,fulfilled
FN:65,rejected
FN:65,step
FN:65,__generator
FN:65,sent
FN:65,g.<computed>
FN:65,verb
FN:65,step
FN:19,ListProviderDayAvailabilityService
FN:24,ListProviderDayAvailabilityService.execute
FNF:15
FNH:13
FNDA:1,__decorate
FNDA:1,__metadata
FNDA:1,__param
FNDA:1,__awaiter
FNDA:1,adopt
FNDA:1,fulfilled
FNDA:0,rejected
FNDA:2,step
FNDA:1,__generator
FNDA:1,sent
FNDA:0,g.<computed>
FNDA:3,verb
FNDA:2,step
FNDA:1,ListProviderDayAvailabilityService
FNDA:1,ListProviderDayAvailabilityService.execute
DA:1,1
DA:2,1
DA:3,1
DA:4,1
DA:5,1
DA:6,1
DA:7,1
DA:8,1
DA:9,1
DA:10,1
DA:11,1
DA:12,1
DA:13,1
DA:14,1
DA:15,1
DA:16,1
DA:17,1
DA:18,1
DA:19,1
DA:20,1
DA:21,1
DA:22,1
DA:23,1
DA:24,1
DA:25,1
DA:26,1
DA:27,1
DA:28,1
DA:29,1
DA:30,1
DA:31,1
DA:32,1
DA:33,1
DA:34,1
DA:35,1
DA:36,1
DA:37,1
DA:38,1
DA:39,1
DA:40,1
DA:41,1
DA:42,1
DA:43,1
DA:44,1
DA:45,1
DA:46,1
DA:47,1
DA:48,1
DA:49,10
DA:50,10
DA:51,10
DA:52,10
DA:53,10
DA:54,10
DA:55,10
DA:56,10
DA:57,10
DA:58,10
DA:59,1
DA:60,1
DA:61,1
DA:62,1
DA:63,1
DA:64,1
DA:65,1
LF:65
LH:65
BRDA:65,0,0,1
BRDA:65,1,0,1
BRDA:65,2,0,0
BRDA:65,3,0,0
BRDA:65,4,0,0
BRDA:65,5,0,0
BRDA:65,6,0,1
BRDA:65,7,0,1
BRDA:65,8,0,1
BRDA:65,9,0,1
BRDA:65,10,0,1
BRDA:65,11,0,0
BRDA:65,12,0,1
BRDA:65,13,0,1
BRDA:65,14,0,0
BRDA:65,15,0,2
BRDA:65,16,0,1
BRDA:65,17,0,1
BRDA:65,18,0,1
BRDA:65,19,0,1
BRDA:65,20,0,0
BRDA:65,21,0,3
BRDA:65,22,0,2
BRDA:65,23,0,2
BRDA:65,24,0,0
BRDA:65,25,0,4
BRDA:65,26,0,0
BRDA:65,27,0,0
BRDA:65,28,0,0
BRDA:65,29,0,0
BRDA:65,30,0,2
BRDA:65,31,0,2
BRDA:65,32,0,1
BRDA:65,33,0,0
BRDA:65,34,0,0
BRDA:65,35,0,1
BRDA:65,36,0,0
BRDA:65,37,0,0
BRDA:65,38,0,0
BRDA:65,39,0,0
BRDA:65,40,0,0
BRDA:65,41,0,2
BRDA:65,42,0,0
BRDA:65,43,0,2
BRDA:65,44,0,1
BRDA:65,45,0,0
BRDA:65,46,0,1
BRDA:65,47,0,0
BRDA:18,48,0,1
BRDA:19,49,0,1
BRDA:24,50,0,1
BRDA:65,51,0,1
BRDA:65,52,0,2
BRDA:30,53,0,1
BRDA:65,54,0,1
BRDA:43,55,0,10
BRDA:48,56,0,10
BRDA:57,57,0,8
BRDA:50,58,0,19
BRF:59
BRH:37
end_of_record
TN:
SF:src/modules/appointments/services/ListProviderMonthAvailabilityService.ts
FN:58,__decorate
FN:58,__metadata
FN:58,__param
FN:58,__awaiter
FN:58,adopt
FN:58,fulfilled
FN:58,rejected
FN:58,step
FN:58,__generator
FN:58,sent
FN:58,g.<computed>
FN:58,verb
FN:58,step
FN:18,ListProviderMonthAvailabilityService
FN:23,ListProviderMonthAvailabilityService.execute
FNF:15
FNH:13
FNDA:1,__decorate
FNDA:1,__metadata
FNDA:1,__param
FNDA:1,__awaiter
FNDA:1,adopt
FNDA:1,fulfilled
FNDA:0,rejected
FNDA:2,step
FNDA:1,__generator
FNDA:1,sent
FNDA:0,g.<computed>
FNDA:3,verb
FNDA:2,step
FNDA:1,ListProviderMonthAvailabilityService
FNDA:1,ListProviderMonthAvailabilityService.execute
DA:1,1
DA:2,1
DA:3,1
DA:4,1
DA:5,1
DA:6,1
DA:7,1
DA:8,1
DA:9,1
DA:10,1
DA:11,1
DA:12,1
DA:13,1
DA:14,1
DA:15,1
DA:16,1
DA:17,1
DA:18,1
DA:19,1
DA:20,1
DA:21,1
DA:22,1
DA:23,1
DA:24,1
DA:25,1
DA:26,1
DA:27,1
DA:28,1
DA:29,1
DA:30,1
DA:31,1
DA:32,1
DA:33,1
DA:34,1
DA:35,1
DA:36,1
DA:37,1
DA:38,1
DA:39,1
DA:40,1
DA:41,1
DA:42,1
DA:43,1
DA:44,31
DA:45,341
DA:46,31
DA:47,31
DA:48,31
DA:49,31
DA:50,31
DA:51,31
DA:52,1
DA:53,1
DA:54,1
DA:55,1
DA:56,1
DA:57,1
DA:58,1
LF:58
LH:58
BRDA:58,0,0,1
BRDA:58,1,0,1
BRDA:58,2,0,0
BRDA:58,3,0,0
BRDA:58,4,0,0
BRDA:58,5,0,0
BRDA:58,6,0,1
BRDA:58,7,0,1
BRDA:58,8,0,1
BRDA:58,9,0,1
BRDA:58,10,0,1
BRDA:58,11,0,0
BRDA:58,12,0,1
BRDA:58,13,0,1
BRDA:58,14,0,0
BRDA:58,15,0,2
BRDA:58,16,0,1
BRDA:58,17,0,1
BRDA:58,18,0,1
BRDA:58,19,0,1
BRDA:58,20,0,0
BRDA:58,21,0,3
BRDA:58,22,0,2
BRDA:58,23,0,2
BRDA:58,24,0,0
BRDA:58,25,0,4
BRDA:58,26,0,0
BRDA:58,27,0,0
BRDA:58,28,0,0
BRDA:58,29,0,0
BRDA:58,30,0,2
BRDA:58,31,0,2
BRDA:58,32,0,1
BRDA:58,33,0,0
BRDA:58,34,0,0
BRDA:58,35,0,1
BRDA:58,36,0,0
BRDA:58,37,0,0
BRDA:58,38,0,0
BRDA:58,39,0,0
BRDA:58,40,0,0
BRDA:58,41,0,2
BRDA:58,42,0,0
BRDA:58,43,0,2
BRDA:58,44,0,1
BRDA:58,45,0,0
BRDA:58,46,0,1
BRDA:58,47,0,0
BRDA:17,48,0,1
BRDA:18,49,0,1
BRDA:23,50,0,1
BRDA:58,51,0,1
BRDA:58,52,0,2
BRDA:28,53,0,1
BRDA:58,54,0,1
BRDA:40,55,0,31
BRDA:43,56,0,31
BRDA:44,57,0,341
BRF:58
BRH:36
end_of_record
TN:
SF:src/modules/appointments/services/ListProvidersService.ts
FN:22,__decorate
FN:22,__metadata
FN:22,__param
FN:22,__awaiter
FN:22,adopt
FN:22,fulfilled
FN:22,rejected
FN:22,step
FN:22,__generator
FN:22,sent
FN:22,g.<computed>
FN:22,verb
FN:22,step
FN:8,ListProvidersService
FN:13,ListProvidersService.execute
FNF:15
FNH:13
FNDA:1,__decorate
FNDA:1,__metadata
FNDA:1,__param
FNDA:1,__awaiter
FNDA:1,adopt
FNDA:1,fulfilled
FNDA:0,rejected
FNDA:2,step
FNDA:1,__generator
FNDA:1,sent
FNDA:0,g.<computed>
FNDA:3,verb
FNDA:2,step
FNDA:1,ListProvidersService
FNDA:1,ListProvidersService.execute
DA:1,1
DA:2,1
DA:3,1
DA:4,1
DA:5,1
DA:6,1
DA:7,1
DA:8,1
DA:9,1
DA:10,1
DA:11,1
DA:12,1
DA:13,1
DA:14,1
DA:15,1
DA:16,1
DA:17,1
DA:18,1
DA:19,1
DA:20,1
DA:21,1
DA:22,1
LF:22
LH:22
BRDA:22,0,0,1
BRDA:22,1,0,1
BRDA:22,2,0,0
BRDA:22,3,0,0
BRDA:22,4,0,0
BRDA:22,5,0,0
BRDA:22,6,0,1
BRDA:22,7,0,1
BRDA:22,8,0,1
BRDA:22,9,0,1
BRDA:22,10,0,1
BRDA:22,11,0,0
BRDA:22,12,0,1
BRDA:22,13,0,1
BRDA:22,14,0,0
BRDA:22,15,0,2
BRDA:22,16,0,1
BRDA:22,17,0,1
BRDA:22,18,0,1
BRDA:22,19,0,1
BRDA:22,20,0,0
BRDA:22,21,0,3
BRDA:22,22,0,2
BRDA:22,23,0,2
BRDA:22,24,0,0
BRDA:22,25,0,4
BRDA:22,26,0,0
BRDA:22,27,0,0
BRDA:22,28,0,0
BRDA:22,29,0,0
BRDA:22,30,0,2
BRDA:22,31,0,2
BRDA:22,32,0,1
BRDA:22,33,0,0
BRDA:22,34,0,0
BRDA:22,35,0,1
BRDA:22,36,0,0
BRDA:22,37,0,0
BRDA:22,38,0,0
BRDA:22,39,0,0
BRDA:22,40,0,0
BRDA:22,41,0,2
BRDA:22,42,0,0
BRDA:22,43,0,2
BRDA:22,44,0,1
BRDA:22,45,0,0
BRDA:22,46,0,1
BRDA:22,47,0,0
BRDA:7,48,0,1
BRDA:8,49,0,1
BRDA:13,50,0,1
BRDA:22,51,0,1
BRDA:22,52,0,2
BRDA:14,53,0,1
BRDA:22,54,0,1
BRF:55
BRH:33
end_of_record
TN:
SF:src/modules/users/services/AuthenticateUserService.ts
FN:58,__decorate
FN:58,__metadata
FN:58,__param
FN:58,__awaiter
FN:58,adopt
FN:58,fulfilled
FN:58,rejected
FN:58,step
FN:58,__generator
FN:58,sent
FN:58,g.<computed>
FN:58,verb
FN:58,step
FN:58,__importDefault
FN:23,AuthenticateUserService
FN:31,AuthenticateUserService.execute
FNF:16
FNH:14
FNDA:1,__decorate
FNDA:1,__metadata
FNDA:2,__param
FNDA:3,__awaiter
FNDA:5,adopt
FNDA:5,fulfilled
FNDA:0,rejected
FNDA:6,step
FNDA:3,__generator
FNDA:5,sent
FNDA:0,g.<computed>
FNDA:9,verb
FNDA:8,step
FNDA:2,__importDefault
FNDA:3,AuthenticateUserService
FNDA:3,AuthenticateUserService.execute
DA:1,1
DA:2,1
DA:3,1
DA:4,1
DA:5,1
DA:6,1
DA:7,1
DA:8,1
DA:9,1
DA:10,1
DA:11,1
DA:12,1
DA:13,1
DA:14,1
DA:15,1
DA:16,1
DA:17,1
DA:18,1
DA:19,1
DA:20,1
DA:21,1
DA:22,1
DA:23,1
DA:24,3
DA:25,3
DA:26,3
DA:27,3
DA:28,3
DA:29,3
DA:30,1
DA:31,1
DA:32,3
DA:33,3
DA:34,3
DA:35,1
DA:36,1
DA:37,2
DA:38,2
DA:39,2
DA:40,2
DA:41,2
DA:42,3
DA:43,3
DA:44,1
DA:45,1
DA:46,1
DA:47,1
DA:48,1
DA:49,1
DA:50,1
DA:51,1
DA:52,1
DA:53,1
DA:54,1
DA:55,3
DA:56,1
DA:57,1
DA:58,1
LF:58
LH:58
BRDA:58,0,0,1
BRDA:58,1,0,1
BRDA:58,2,0,0
BRDA:58,3,0,0
BRDA:58,4,0,0
BRDA:58,5,0,0
BRDA:58,6,0,1
BRDA:58,7,0,2
BRDA:58,8,0,2
BRDA:58,9,0,3
BRDA:58,10,0,5
BRDA:58,11,0,0
BRDA:58,12,0,3
BRDA:58,13,0,5
BRDA:58,14,0,3
BRDA:58,15,0,2
BRDA:58,16,0,6
BRDA:58,17,0,1
BRDA:58,18,0,5
BRDA:58,19,0,3
BRDA:58,20,0,5
BRDA:58,21,0,0
BRDA:58,22,0,9
BRDA:58,23,0,8
BRDA:58,24,0,8
BRDA:58,25,0,0
BRDA:58,26,0,16
BRDA:58,27,0,0
BRDA:58,28,0,0
BRDA:58,29,0,0
BRDA:58,30,0,0
BRDA:58,31,0,8
BRDA:58,32,0,8
BRDA:58,33,0,5
BRDA:58,34,0,0
BRDA:58,35,0,0
BRDA:58,36,0,3
BRDA:58,37,0,0
BRDA:58,38,0,1
BRDA:58,39,0,0
BRDA:58,40,0,0
BRDA:58,41,0,0
BRDA:58,42,0,0
BRDA:58,43,0,8
BRDA:58,44,0,6
BRDA:58,45,0,2
BRDA:58,46,0,8
BRDA:58,47,0,3
BRDA:58,48,0,2
BRDA:58,49,0,1
BRDA:58,50,0,0
BRDA:58,51,0,2
BRDA:58,52,0,0
BRDA:22,53,0,1
BRDA:23,54,0,3
BRDA:31,55,0,3
BRDA:58,56,0,3
BRDA:58,57,0,8
BRDA:32,58,0,3
BRDA:58,59,0,3
BRDA:34,60,0,1
BRDA:36,61,0,2
BRDA:58,62,0,2
BRDA:43,63,0,1
BRF:64
BRH:44
end_of_record
TN:
SF:src/modules/users/services/CreateUserService.ts
FN:45,__decorate
FN:45,__metadata
FN:45,__param
FN:45,__awaiter
FN:45,adopt
FN:45,fulfilled
FN:45,rejected
FN:45,step
FN:45,__generator
FN:45,sent
FN:45,g.<computed>
FN:45,verb
FN:45,step
FN:45,__importDefault
FN:18,CreateUserService
FN:26,CreateUserService.execute
FNF:16
FNH:14
FNDA:2,__decorate
FNDA:2,__metadata
FNDA:4,__param
FNDA:5,__awaiter
FNDA:13,adopt
FNDA:13,fulfilled
FNDA:0,rejected
FNDA:17,step
FNDA:5,__generator
FNDA:13,sent
FNDA:0,g.<computed>
FNDA:15,verb
FNDA:18,step
FNDA:2,__importDefault
FNDA:4,CreateUserService
FNDA:5,CreateUserService.execute
DA:1,1
DA:2,1
DA:3,1
DA:4,1
DA:5,1
DA:6,1
DA:7,1
DA:8,1
DA:9,1
DA:10,1
DA:11,1
DA:12,1
DA:13,1
DA:14,1
DA:15,1
DA:16,1
DA:17,2
DA:18,2
DA:19,4
DA:20,4
DA:21,4
DA:22,4
DA:23,4
DA:24,4
DA:25,2
DA:26,2
DA:27,5
DA:28,5
DA:29,5
DA:30,1
DA:31,1
DA:32,4
DA:33,4
DA:34,5
DA:35,5
DA:36,5
DA:37,5
DA:38,5
DA:39,5
DA:40,5
DA:41,5
DA:42,5
DA:43,2
DA:44,1
DA:45,1
LF:45
LH:45
BRDA:45,0,0,2
BRDA:45,1,0,2
BRDA:45,2,0,0
BRDA:45,3,0,0
BRDA:45,4,0,0
BRDA:45,5,0,0
BRDA:45,6,0,2
BRDA:45,7,0,4
BRDA:45,8,0,4
BRDA:45,9,0,5
BRDA:45,10,0,13
BRDA:45,11,0,0
BRDA:45,12,0,5
BRDA:45,13,0,13
BRDA:45,14,0,12
BRDA:45,15,0,1
BRDA:45,16,0,17
BRDA:45,17,0,4
BRDA:45,18,0,13
BRDA:45,19,0,5
BRDA:45,20,0,13
BRDA:45,21,0,0
BRDA:45,22,0,15
BRDA:45,23,0,18
BRDA:45,24,0,18
BRDA:45,25,0,0
BRDA:45,26,0,36
BRDA:45,27,0,0
BRDA:45,28,0,0
BRDA:45,29,0,0
BRDA:45,30,0,0
BRDA:45,31,0,18
BRDA:45,32,0,18
BRDA:45,33,0,13
BRDA:45,34,0,0
BRDA:45,35,0,0
BRDA:45,36,0,5
BRDA:45,37,0,0
BRDA:45,38,0,4
BRDA:45,39,0,0
BRDA:45,40,0,0
BRDA:45,41,0,0
BRDA:45,42,0,0
BRDA:45,43,0,28
BRDA:45,44,0,18
BRDA:45,45,0,17
BRDA:45,46,0,1
BRDA:45,47,0,18
BRDA:45,48,0,5
BRDA:45,49,0,1
BRDA:45,50,0,4
BRDA:45,51,0,0
BRDA:45,52,0,2
BRDA:45,53,0,0
BRDA:17,54,0,2
BRDA:18,55,0,4
BRDA:26,56,0,5
BRDA:45,57,0,5
BRDA:45,58,0,18
BRDA:27,59,0,5
BRDA:45,60,0,5
BRDA:29,61,0,1
BRDA:31,62,0,4
BRDA:45,63,0,4
BRDA:45,64,0,4
BRF:65
BRH:45
end_of_record
TN:
SF:src/modules/users/services/ResetPasswordService.ts
FN:49,__decorate
FN:49,__metadata
FN:49,__param
FN:49,__awaiter
FN:49,adopt
FN:49,fulfilled
FN:49,rejected
FN:49,step
FN:49,__generator
FN:49,sent
FN:49,g.<computed>
FN:49,verb
FN:49,step
FN:49,__importDefault
FN:16,ResetPasswordService
FN:27,ResetPasswordService.execute
FNF:16
FNH:14
FNDA:1,__decorate
FNDA:1,__metadata
FNDA:3,__param
FNDA:4,__awaiter
FNDA:9,adopt
FNDA:9,fulfilled
FNDA:0,rejected
FNDA:10,step
FNDA:4,__generator
FNDA:9,sent
FNDA:0,g.<computed>
FNDA:12,verb
FNDA:13,step
FNDA:1,__importDefault
FNDA:4,ResetPasswordService
FNDA:4,ResetPasswordService.execute
DA:1,1
DA:2,1
DA:3,1
DA:4,1
DA:5,1
DA:6,1
DA:7,1
DA:8,1
DA:9,1
DA:10,1
DA:11,1
DA:12,1
DA:13,1
DA:14,1
DA:15,1
DA:16,1
DA:17,4
DA:18,4
DA:19,4
DA:20,4
DA:21,4
DA:22,4
DA:23,4
DA:24,4
DA:25,4
DA:26,1
DA:27,1
DA:28,4
DA:29,4
DA:30,4
DA:31,3
DA:32,3
DA:33,4
DA:34,4
DA:35,2
DA:36,2
DA:37,2
DA:38,2
DA:39,4
DA:40,1
DA:41,1
DA:42,1
DA:43,1
DA:44,4
DA:45,4
DA:46,4
DA:47,1
DA:48,1
DA:49,1
LF:49
LH:49
BRDA:49,0,0,1
BRDA:49,1,0,1
BRDA:49,2,0,0
BRDA:49,3,0,0
BRDA:49,4,0,0
BRDA:49,5,0,0
BRDA:49,6,0,1
BRDA:49,7,0,3
BRDA:49,8,0,3
BRDA:49,9,0,4
BRDA:49,10,0,9
BRDA:49,11,0,0
BRDA:49,12,0,4
BRDA:49,13,0,9
BRDA:49,14,0,6
BRDA:49,15,0,3
BRDA:49,16,0,10
BRDA:49,17,0,1
BRDA:49,18,0,9
BRDA:49,19,0,4
BRDA:49,20,0,9
BRDA:49,21,0,0
BRDA:49,22,0,12
BRDA:49,23,0,13
BRDA:49,24,0,13
BRDA:49,25,0,0
BRDA:49,26,0,26
BRDA:49,27,0,0
BRDA:49,28,0,0
BRDA:49,29,0,0
BRDA:49,30,0,0
BRDA:49,31,0,13
BRDA:49,32,0,13
BRDA:49,33,0,9
BRDA:49,34,0,0
BRDA:49,35,0,0
BRDA:49,36,0,4
BRDA:49,37,0,0
BRDA:49,38,0,1
BRDA:49,39,0,0
BRDA:49,40,0,0
BRDA:49,41,0,0
BRDA:49,42,0,0
BRDA:49,43,0,13
BRDA:49,44,0,10
BRDA:49,45,0,3
BRDA:49,46,0,13
BRDA:49,47,0,4
BRDA:49,48,0,3
BRDA:49,49,0,1
BRDA:49,50,0,0
BRDA:49,51,0,1
BRDA:49,52,0,0
BRDA:15,53,0,1
BRDA:16,54,0,4
BRDA:27,55,0,4
BRDA:49,56,0,4
BRDA:49,57,0,13
BRDA:28,58,0,4
BRDA:49,59,0,4
BRDA:30,60,0,1
BRDA:30,61,0,3
BRDA:49,62,0,3
BRDA:34,63,0,1
BRDA:34,64,0,2
BRDA:39,65,0,1
BRDA:49,66,0,1
BRDA:49,67,0,1
BRF:68
BRH:48
end_of_record
TN:
SF:src/modules/users/services/SendForgotPasswordEmailService.ts
FN:59,__decorate
FN:59,__metadata
FN:59,__param
FN:59,__awaiter
FN:59,adopt
FN:59,fulfilled
FN:59,rejected
FN:59,step
FN:59,__generator
FN:59,sent
FN:59,g.<computed>
FN:59,verb
FN:59,step
FN:59,__importDefault
FN:15,SendForgotPasswordEmailService
FN:26,SendForgotPasswordEmailService.execute
FNF:16
FNH:14
FNDA:1,__decorate
FNDA:1,__metadata
FNDA:3,__param
FNDA:3,__awaiter
FNDA:7,adopt
FNDA:7,fulfilled
FNDA:0,rejected
FNDA:9,step
FNDA:3,__generator
FNDA:7,sent
FNDA:0,g.<computed>
FNDA:9,verb
FNDA:10,step
FNDA:2,__importDefault
FNDA:3,SendForgotPasswordEmailService
FNDA:3,SendForgotPasswordEmailService.execute
DA:1,1
DA:2,1
DA:3,1
DA:4,1
DA:5,1
DA:6,1
DA:7,1
DA:8,1
DA:9,1
DA:10,1
DA:11,1
DA:12,1
DA:13,1
DA:14,1
DA:15,1
DA:16,3
DA:17,3
DA:18,3
DA:19,3
DA:20,3
DA:21,3
DA:22,3
DA:23,3
DA:24,3
DA:25,1
DA:26,1
DA:27,3
DA:28,3
DA:29,3
DA:30,1
DA:31,1
DA:32,2
DA:33,2
DA:34,3
DA:35,3
DA:36,3
DA:37,3
DA:38,3
DA:39,3
DA:40,3
DA:41,3
DA:42,3
DA:43,3
DA:44,3
DA:45,3
DA:46,3
DA:47,3
DA:48,3
DA:49,3
DA:50,3
DA:51,3
DA:52,3
DA:53,3
DA:54,3
DA:55,3
DA:56,3
DA:57,1
DA:58,1
DA:59,1
LF:59
LH:59
BRDA:59,0,0,1
BRDA:59,1,0,1
BRDA:59,2,0,0
BRDA:59,3,0,0
BRDA:59,4,0,0
BRDA:59,5,0,0
BRDA:59,6,0,1
BRDA:59,7,0,3
BRDA:59,8,0,3
BRDA:59,9,0,3
BRDA:59,10,0,7
BRDA:59,11,0,0
BRDA:59,12,0,3
BRDA:59,13,0,7
BRDA:59,14,0,6
BRDA:59,15,0,1
BRDA:59,16,0,9
BRDA:59,17,0,2
BRDA:59,18,0,7
BRDA:59,19,0,3
BRDA:59,20,0,7
BRDA:59,21,0,0
BRDA:59,22,0,9
BRDA:59,23,0,10
BRDA:59,24,0,10
BRDA:59,25,0,0
BRDA:59,26,0,20
BRDA:59,27,0,0
BRDA:59,28,0,0
BRDA:59,29,0,0
BRDA:59,30,0,0
BRDA:59,31,0,10
BRDA:59,32,0,10
BRDA:59,33,0,7
BRDA:59,34,0,0
BRDA:59,35,0,0
BRDA:59,36,0,3
BRDA:59,37,0,0
BRDA:59,38,0,2
BRDA:59,39,0,0
BRDA:59,40,0,0
BRDA:59,41,0,0
BRDA:59,42,0,0
BRDA:59,43,0,10
BRDA:59,44,0,9
BRDA:59,45,0,1
BRDA:59,46,0,10
BRDA:59,47,0,3
BRDA:59,48,0,1
BRDA:59,49,0,2
BRDA:59,50,0,0
BRDA:59,51,0,2
BRDA:59,52,0,1
BRDA:59,53,0,1
BRDA:14,54,0,1
BRDA:15,55,0,3
BRDA:26,56,0,3
BRDA:59,57,0,3
BRDA:59,58,0,10
BRDA:27,59,0,3
BRDA:59,60,0,3
BRDA:29,61,0,1
BRDA:31,62,0,2
BRDA:59,63,0,2
BRDA:59,64,0,2
BRF:65
BRH:46
end_of_record
TN:
SF:src/modules/users/services/ShowProfileService.ts
FN:25,__decorate
FN:25,__metadata
FN:25,__param
FN:25,__awaiter
FN:25,adopt
FN:25,fulfilled
FN:25,rejected
FN:25,step
FN:25,__generator
FN:25,sent
FN:25,g.<computed>
FN:25,verb
FN:25,step
FN:25,__importDefault
FN:9,ShowProfileService
FN:14,ShowProfileService.execute
FNF:16
FNH:14
FNDA:1,__decorate
FNDA:1,__metadata
FNDA:1,__param
FNDA:2,__awaiter
FNDA:2,adopt
FNDA:2,fulfilled
FNDA:0,rejected
FNDA:3,step
FNDA:2,__generator
FNDA:2,sent
FNDA:0,g.<computed>
FNDA:6,verb
FNDA:4,step
FNDA:1,__importDefault
FNDA:2,ShowProfileService
FNDA:2,ShowProfileService.execute
DA:1,1
DA:2,1
DA:3,1
DA:4,1
DA:5,1
DA:6,1
DA:7,1
DA:8,1
DA:9,1
DA:10,2
DA:11,2
DA:12,2
DA:13,1
DA:14,1
DA:15,2
DA:16,2
DA:17,2
DA:18,1
DA:19,1
DA:20,1
DA:21,1
DA:22,2
DA:23,1
DA:24,1
DA:25,1
LF:25
LH:25
BRDA:25,0,0,1
BRDA:25,1,0,1
BRDA:25,2,0,0
BRDA:25,3,0,0
BRDA:25,4,0,0
BRDA:25,5,0,0
BRDA:25,6,0,1
BRDA:25,7,0,1
BRDA:25,8,0,1
BRDA:25,9,0,2
BRDA:25,10,0,2
BRDA:25,11,0,0
BRDA:25,12,0,2
BRDA:25,13,0,2
BRDA:25,14,0,1
BRDA:25,15,0,3
BRDA:25,16,0,1
BRDA:25,17,0,2
BRDA:25,18,0,2
BRDA:25,19,0,2
BRDA:25,20,0,0
BRDA:25,21,0,6
BRDA:25,22,0,4
BRDA:25,23,0,4
BRDA:25,24,0,0
BRDA:25,25,0,8
BRDA:25,26,0,0
BRDA:25,27,0,0
BRDA:25,28,0,0
BRDA:25,29,0,0
BRDA:25,30,0,4
BRDA:25,31,0,4
BRDA:25,32,0,2
BRDA:25,33,0,0
BRDA:25,34,0,0
BRDA:25,35,0,2
BRDA:25,36,0,0
BRDA:25,37,0,1
BRDA:25,38,0,0
BRDA:25,39,0,0
BRDA:25,40,0,0
BRDA:25,41,0,0
BRDA:25,42,0,4
BRDA:25,43,0,3
BRDA:25,44,0,1
BRDA:25,45,0,4
BRDA:25,46,0,2
BRDA:25,47,0,1
BRDA:25,48,0,0
BRDA:25,49,0,1
BRDA:25,50,0,0
BRDA:8,51,0,1
BRDA:9,52,0,2
BRDA:14,53,0,2
BRDA:25,54,0,2
BRDA:25,55,0,4
BRDA:15,56,0,2
BRDA:25,57,0,2
BRDA:17,58,0,1
BRF:59
BRH:39
end_of_record
TN:
SF:src/modules/users/services/UpdateProfileService.ts
FN:71,__decorate
FN:71,__metadata
FN:71,__param
FN:71,__awaiter
FN:71,adopt
FN:71,fulfilled
FN:71,rejected
FN:71,step
FN:71,__generator
FN:71,sent
FN:71,g.<computed>
FN:71,verb
FN:71,step
FN:71,__importDefault
FN:18,UpdateProfileService
FN:26,UpdateProfileService.execute
FNF:16
FNH:14
FNDA:1,__decorate
FNDA:1,__metadata
FNDA:2,__param
FNDA:5,__awaiter
FNDA:13,adopt
FNDA:13,fulfilled
FNDA:0,rejected
FNDA:15,step
FNDA:5,__generator
FNDA:13,sent
FNDA:0,g.<computed>
FNDA:15,verb
FNDA:18,step
FNDA:1,__importDefault
FNDA:5,UpdateProfileService
FNDA:5,UpdateProfileService.execute
DA:1,1
DA:2,1
DA:3,1
DA:4,1
DA:5,1
DA:6,1
DA:7,1
DA:8,1
DA:9,1
DA:10,1
DA:11,1
DA:12,1
DA:13,1
DA:14,1
DA:15,1
DA:16,1
DA:17,1
DA:18,1
DA:19,5
DA:20,5
DA:21,5
DA:22,5
DA:23,5
DA:24,5
DA:25,1
DA:26,1
DA:27,5
DA:28,5
DA:29,5
DA:30,5
DA:31,5
DA:32,5
DA:33,5
DA:34,5
DA:35,5
DA:36,0
DA:37,0
DA:38,5
DA:39,5
DA:40,5
DA:41,5
DA:42,1
DA:43,1
DA:44,4
DA:45,4
DA:46,4
DA:47,4
DA:48,5
DA:49,1
DA:50,1
DA:51,1
DA:52,1
DA:53,3
DA:54,5
DA:55,2
DA:56,2
DA:57,2
DA:58,2
DA:59,5
DA:60,5
DA:61,1
DA:62,1
DA:63,1
DA:64,1
DA:65,5
DA:66,5
DA:67,5
DA:68,5
DA:69,1
DA:70,1
DA:71,1
LF:71
LH:69
BRDA:71,0,0,1
BRDA:71,1,0,1
BRDA:71,2,0,0
BRDA:71,3,0,0
BRDA:71,4,0,0
BRDA:71,5,0,0
BRDA:71,6,0,1
BRDA:71,7,0,2
BRDA:71,8,0,2
BRDA:71,9,0,5
BRDA:71,10,0,13
BRDA:71,11,0,0
BRDA:71,12,0,5
BRDA:71,13,0,13
BRDA:71,14,0,10
BRDA:71,15,0,3
BRDA:71,16,0,15
BRDA:71,17,0,2
BRDA:71,18,0,13
BRDA:71,19,0,5
BRDA:71,20,0,13
BRDA:71,21,0,0
BRDA:71,22,0,15
BRDA:71,23,0,18
BRDA:71,24,0,18
BRDA:71,25,0,0
BRDA:71,26,0,37
BRDA:71,27,0,0
BRDA:71,28,0,0
BRDA:71,29,0,0
BRDA:71,30,0,0
BRDA:71,31,0,18
BRDA:71,32,0,18
BRDA:71,33,0,13
BRDA:71,34,0,0
BRDA:71,35,0,0
BRDA:71,36,0,6
BRDA:71,37,0,0
BRDA:71,38,0,3
BRDA:71,39,0,5
BRDA:71,40,0,1
BRDA:71,41,0,0
BRDA:71,42,0,1
BRDA:71,43,0,0
BRDA:71,44,0,0
BRDA:71,45,0,0
BRDA:71,46,0,19
BRDA:71,47,0,16
BRDA:71,48,0,3
BRDA:71,49,0,19
BRDA:71,50,0,5
BRDA:71,51,0,3
BRDA:71,52,0,2
BRDA:71,53,0,0
BRDA:71,54,0,1
BRDA:71,55,0,0
BRDA:17,56,0,1
BRDA:18,57,0,5
BRDA:26,58,0,5
BRDA:71,59,0,5
BRDA:71,60,0,19
BRDA:33,61,0,5
BRDA:71,62,0,5
BRDA:35,63,0,0
BRDA:71,64,0,5
BRDA:41,65,0,1
BRDA:41,66,0,1
BRDA:43,67,0,4
BRDA:48,68,0,3
BRDA:48,69,0,1
BRDA:52,70,0,3
BRDA:54,71,0,2
BRDA:54,72,0,1
BRDA:54,73,0,2
BRDA:71,74,0,2
BRDA:60,75,0,1
BRDA:71,76,0,1
BRDA:67,77,0,2
BRF:78
BRH:57
end_of_record
TN:
SF:src/modules/users/services/UpdateUserAvatarService.ts
FN:46,__decorate
FN:46,__metadata
FN:46,__param
FN:46,__awaiter
FN:46,adopt
FN:46,fulfilled
FN:46,rejected
FN:46,step
FN:46,__generator
FN:46,sent
FN:46,g.<computed>
FN:46,verb
FN:46,step
FN:46,__importDefault
FN:17,UpdateUserAvatarService
FN:25,UpdateUserAvatarService.execute
FNF:16
FNH:14
FNDA:1,__decorate
FNDA:1,__metadata
FNDA:2,__param
FNDA:4,__awaiter
FNDA:11,adopt
FNDA:11,fulfilled
FNDA:0,rejected
FNDA:14,step
FNDA:4,__generator
FNDA:11,sent
FNDA:0,g.<computed>
FNDA:12,verb
FNDA:15,step
FNDA:1,__importDefault
FNDA:3,UpdateUserAvatarService
FNDA:4,UpdateUserAvatarService.execute
DA:1,1
DA:2,1
DA:3,1
DA:4,1
DA:5,1
DA:6,1
DA:7,1
DA:8,1
DA:9,1
DA:10,1
DA:11,1
DA:12,1
DA:13,1
DA:14,1
DA:15,1
DA:16,1
DA:17,1
DA:18,3
DA:19,3
DA:20,3
DA:21,3
DA:22,3
DA:23,3
DA:24,1
DA:25,1
DA:26,4
DA:27,4
DA:28,4
DA:29,1
DA:30,1
DA:31,3
DA:32,3
DA:33,1
DA:34,4
DA:35,4
DA:36,4
DA:37,4
DA:38,4
DA:39,4
DA:40,4
DA:41,4
DA:42,4
DA:43,4
DA:44,1
DA:45,1
DA:46,1
LF:46
LH:46
BRDA:46,0,0,1
BRDA:46,1,0,1
BRDA:46,2,0,0
BRDA:46,3,0,0
BRDA:46,4,0,0
BRDA:46,5,0,0
BRDA:46,6,0,1
BRDA:46,7,0,2
BRDA:46,8,0,2
BRDA:46,9,0,4
BRDA:46,10,0,11
BRDA:46,11,0,0
BRDA:46,12,0,4
BRDA:46,13,0,11
BRDA:46,14,0,10
BRDA:46,15,0,1
BRDA:46,16,0,14
BRDA:46,17,0,3
BRDA:46,18,0,11
BRDA:46,19,0,4
BRDA:46,20,0,11
BRDA:46,21,0,0
BRDA:46,22,0,12
BRDA:46,23,0,15
BRDA:46,24,0,15
BRDA:46,25,0,0
BRDA:46,26,0,32
BRDA:46,27,0,0
BRDA:46,28,0,0
BRDA:46,29,0,0
BRDA:46,30,0,0
BRDA:46,31,0,15
BRDA:46,32,0,15
BRDA:46,33,0,11
BRDA:46,34,0,0
BRDA:46,35,0,0
BRDA:46,36,0,6
BRDA:46,37,0,0
BRDA:46,38,0,5
BRDA:46,39,0,4
BRDA:46,40,0,2
BRDA:46,41,0,0
BRDA:46,42,0,2
BRDA:46,43,0,0
BRDA:46,44,0,0
BRDA:46,45,0,0
BRDA:46,46,0,17
BRDA:46,47,0,16
BRDA:46,48,0,1
BRDA:46,49,0,17
BRDA:46,50,0,4
BRDA:46,51,0,1
BRDA:46,52,0,3
BRDA:46,53,0,0
BRDA:46,54,0,1
BRDA:46,55,0,0
BRDA:16,56,0,1
BRDA:17,57,0,3
BRDA:25,58,0,4
BRDA:46,59,0,4
BRDA:46,60,0,17
BRDA:26,61,0,4
BRDA:46,62,0,4
BRDA:28,63,0,1
BRDA:30,64,0,3
BRDA:32,65,0,2
BRDA:32,66,0,1
BRDA:46,67,0,1
BRDA:36,68,0,3
BRDA:46,69,0,3
BRDA:46,70,0,3
BRF:71
BRH:51
end_of_record
